# JRE version: Java(TM) SE Runtime Environment (8.0_111-b14) (build 1.8.0_111-b14)
# Java VM: Java HotSpot(TM) 64-Bit Server VM (25.111-b14 mixed mode windows-amd64 compressed oops)
Heap:
 PSYoungGen      total 238080K, used 102210K [0x00000000d5c00000, 0x00000000e6300000, 0x0000000100000000)
  eden space 209920K, 41% used [0x00000000d5c00000,0x00000000db168a18,0x00000000e2900000)
  from space 28160K, 52% used [0x00000000e4780000,0x00000000e55e8000,0x00000000e6300000)
  to   space 29696K, 0% used [0x00000000e2900000,0x00000000e2900000,0x00000000e4600000)
 ParOldGen       total 87552K, used 61458K [0x0000000081400000, 0x0000000086980000, 0x00000000d5c00000)
  object space 87552K, 70% used [0x0000000081400000,0x0000000085004aa0,0x0000000086980000)
 Metaspace       used 18447K, capacity 18716K, committed 18944K, reserved 1067008K
  class space    used 2194K, capacity 2273K, committed 2304K, reserved 1048576K
GC Heap History (10 events):
Event: 7.236 GC heap before
{Heap before GC invocations=6 (full 0):
 PSYoungGen      total 71680K, used 71648K [0x00000000d5c00000, 0x00000000df700000, 0x0000000100000000)
  eden space 66560K, 100% used [0x00000000d5c00000,0x00000000d9d00000,0x00000000d9d00000)
  from space 5120K, 99% used [0x00000000d9d00000,0x00000000da1f8020,0x00000000da200000)
  to   space 12800K, 0% used [0x00000000dea80000,0x00000000dea80000,0x00000000df700000)
 ParOldGen       total 87552K, used 14193K [0x0000000081400000, 0x0000000086980000, 0x00000000d5c00000)
  object space 87552K, 16% used [0x0000000081400000,0x00000000821dc520,0x0000000086980000)
 Metaspace       used 18065K, capacity 18332K, committed 18432K, reserved 1064960K
  class space    used 2177K, capacity 2273K, committed 2304K, reserved 1048576K
Event: 7.245 GC heap after
Heap after GC invocations=6 (full 0):
 PSYoungGen      total 143872K, used 12144K [0x00000000d5c00000, 0x00000000dfb00000, 0x0000000100000000)
  eden space 131072K, 0% used [0x00000000d5c00000,0x00000000d5c00000,0x00000000ddc00000)
  from space 12800K, 94% used [0x00000000dea80000,0x00000000df65c040,0x00000000df700000)
  to   space 14848K, 0% used [0x00000000ddc00000,0x00000000ddc00000,0x00000000dea80000)
 ParOldGen       total 87552K, used 14193K [0x0000000081400000, 0x0000000086980000, 0x00000000d5c00000)
  object space 87552K, 16% used [0x0000000081400000,0x00000000821dc520,0x0000000086980000)
 Metaspace       used 18065K, capacity 18332K, committed 18432K, reserved 1064960K
  class space    used 2177K, capacity 2273K, committed 2304K, reserved 1048576K
}
Event: 7.348 GC heap before
{Heap before GC invocations=7 (full 0):
 PSYoungGen      total 143872K, used 143216K [0x00000000d5c00000, 0x00000000dfb00000, 0x0000000100000000)
  eden space 131072K, 100% used [0x00000000d5c00000,0x00000000ddc00000,0x00000000ddc00000)
  from space 12800K, 94% used [0x00000000dea80000,0x00000000df65c040,0x00000000df700000)
  to   space 14848K, 0% used [0x00000000ddc00000,0x00000000ddc00000,0x00000000dea80000)
 ParOldGen       total 87552K, used 14193K [0x0000000081400000, 0x0000000086980000, 0x00000000d5c00000)
  object space 87552K, 16% used [0x0000000081400000,0x00000000821dc520,0x0000000086980000)
 Metaspace       used 18088K, capacity 18396K, committed 18688K, reserved 1064960K
  class space    used 2177K, capacity 2273K, committed 2304K, reserved 1048576K
Event: 7.363 GC heap after
Heap after GC invocations=7 (full 0):
 PSYoungGen      total 145920K, used 14832K [0x00000000d5c00000, 0x00000000dfb00000, 0x0000000100000000)
  eden space 131072K, 0% used [0x00000000d5c00000,0x00000000d5c00000,0x00000000ddc00000)
  from space 14848K, 99% used [0x00000000ddc00000,0x00000000dea7c010,0x00000000dea80000)
  to   space 12800K, 0% used [0x00000000dea80000,0x00000000dea80000,0x00000000df700000)
 ParOldGen       total 87552K, used 26112K [0x0000000081400000, 0x0000000086980000, 0x00000000d5c00000)
  object space 87552K, 29% used [0x0000000081400000,0x0000000082d80250,0x0000000086980000)
 Metaspace       used 18088K, capacity 18396K, committed 18688K, reserved 1064960K
  class space    used 2177K, capacity 2273K, committed 2304K, reserved 1048576K
}
Event: 7.447 GC heap before
{Heap before GC invocations=8 (full 0):
 PSYoungGen      total 145920K, used 145904K [0x00000000d5c00000, 0x00000000dfb00000, 0x0000000100000000)
  eden space 131072K, 100% used [0x00000000d5c00000,0x00000000ddc00000,0x00000000ddc00000)
  from space 14848K, 99% used [0x00000000ddc00000,0x00000000dea7c010,0x00000000dea80000)
  to   space 12800K, 0% used [0x00000000dea80000,0x00000000dea80000,0x00000000df700000)
 ParOldGen       total 87552K, used 26112K [0x0000000081400000, 0x0000000086980000, 0x00000000d5c00000)
  object space 87552K, 29% used [0x0000000081400000,0x0000000082d80250,0x0000000086980000)
 Metaspace       used 18096K, capacity 18396K, committed 18688K, reserved 1064960K
  class space    used 2177K, capacity 2273K, committed 2304K, reserved 1048576K
Event: 7.459 GC heap after
Heap after GC invocations=8 (full 0):
 PSYoungGen      total 143872K, used 12800K [0x00000000d5c00000, 0x00000000dfb00000, 0x0000000100000000)
  eden space 131072K, 0% used [0x00000000d5c00000,0x00000000d5c00000,0x00000000ddc00000)
  from space 12800K, 100% used [0x00000000dea80000,0x00000000df700000,0x00000000df700000)
  to   space 14848K, 0% used [0x00000000ddc00000,0x00000000ddc00000,0x00000000dea80000)
 ParOldGen       total 87552K, used 40138K [0x0000000081400000, 0x0000000086980000, 0x00000000d5c00000)
  object space 87552K, 45% used [0x0000000081400000,0x0000000083b32a90,0x0000000086980000)
 Metaspace       used 18096K, capacity 18396K, committed 18688K, reserved 1064960K
  class space    used 2177K, capacity 2273K, committed 2304K, reserved 1048576K
}
Event: 7.531 GC heap before
{Heap before GC invocations=9 (full 0):
 PSYoungGen      total 143872K, used 143872K [0x00000000d5c00000, 0x00000000dfb00000, 0x0000000100000000)
  eden space 131072K, 100% used [0x00000000d5c00000,0x00000000ddc00000,0x00000000ddc00000)
  from space 12800K, 100% used [0x00000000dea80000,0x00000000df700000,0x00000000df700000)
  to   space 14848K, 0% used [0x00000000ddc00000,0x00000000ddc00000,0x00000000dea80000)
 ParOldGen       total 87552K, used 40138K [0x0000000081400000, 0x0000000086980000, 0x00000000d5c00000)
  object space 87552K, 45% used [0x0000000081400000,0x0000000083b32a90,0x0000000086980000)
 Metaspace       used 18104K, capacity 18396K, committed 18688K, reserved 1064960K
  class space    used 2177K, capacity 2273K, committed 2304K, reserved 1048576K
Event: 7.542 GC heap after
Heap after GC invocations=9 (full 0):
 PSYoungGen      total 145920K, used 14848K [0x00000000d5c00000, 0x00000000e6600000, 0x0000000100000000)
  eden space 131072K, 0% used [0x00000000d5c00000,0x00000000d5c00000,0x00000000ddc00000)
  from space 14848K, 100% used [0x00000000ddc00000,0x00000000dea80000,0x00000000dea80000)
  to   space 31232K, 0% used [0x00000000e4780000,0x00000000e4780000,0x00000000e6600000)
 ParOldGen       total 87552K, used 49674K [0x0000000081400000, 0x0000000086980000, 0x00000000d5c00000)
  object space 87552K, 56% used [0x0000000081400000,0x0000000084482aa0,0x0000000086980000)
 Metaspace       used 18104K, capacity 18396K, committed 18688K, reserved 1064960K
  class space    used 2177K, capacity 2273K, committed 2304K, reserved 1048576K
}
Event: 7.613 GC heap before
{Heap before GC invocations=10 (full 0):
 PSYoungGen      total 145920K, used 145920K [0x00000000d5c00000, 0x00000000e6600000, 0x0000000100000000)
  eden space 131072K, 100% used [0x00000000d5c00000,0x00000000ddc00000,0x00000000ddc00000)
  from space 14848K, 100% used [0x00000000ddc00000,0x00000000dea80000,0x00000000dea80000)
  to   space 31232K, 0% used [0x00000000e4780000,0x00000000e4780000,0x00000000e6600000)
 ParOldGen       total 87552K, used 49674K [0x0000000081400000, 0x0000000086980000, 0x00000000d5c00000)
  object space 87552K, 56% used [0x0000000081400000,0x0000000084482aa0,0x0000000086980000)
 Metaspace       used 18107K, capacity 18396K, committed 18688K, reserved 1064960K
  class space    used 2177K, capacity 2273K, committed 2304K, reserved 1048576K
Event: 7.625 GC heap after
Heap after GC invocations=10 (full 0):
 PSYoungGen      total 238080K, used 14752K [0x00000000d5c00000, 0x00000000e6300000, 0x0000000100000000)
  eden space 209920K, 0% used [0x00000000d5c00000,0x00000000d5c00000,0x00000000e2900000)
  from space 28160K, 52% used [0x00000000e4780000,0x00000000e55e8000,0x00000000e6300000)
  to   space 29696K, 0% used [0x00000000e2900000,0x00000000e2900000,0x00000000e4600000)
 ParOldGen       total 87552K, used 61458K [0x0000000081400000, 0x0000000086980000, 0x00000000d5c00000)
  object space 87552K, 70% used [0x0000000081400000,0x0000000085004aa0,0x0000000086980000)
 Metaspace       used 18107K, capacity 18396K, committed 18688K, reserved 1064960K
  class space    used 2177K, capacity 2273K, committed 2304K, reserved 1048576K
}

