# JRE version: Java(TM) SE Runtime Environment (8.0_111-b14) (build 1.8.0_111-b14)
# Java VM: Java HotSpot(TM) 64-Bit Server VM (25.111-b14 mixed mode windows-amd64 compressed oops)
Heap:
 PSYoungGen      total 71680K, used 24624K [0x00000000d5c00000, 0x00000000da700000, 0x0000000100000000)
  eden space 66560K, 30% used [0x00000000d5c00000,0x00000000d6f953f0,0x00000000d9d00000)
  from space 5120K, 89% used [0x00000000d9d00000,0x00000000da176ce8,0x00000000da200000)
  to   space 5120K, 0% used [0x00000000da200000,0x00000000da200000,0x00000000da700000)
 ParOldGen       total 87552K, used 77009K [0x0000000081400000, 0x0000000086980000, 0x00000000d5c00000)
  object space 87552K, 87% used [0x0000000081400000,0x0000000085f344a0,0x0000000086980000)
 Metaspace       used 18951K, capacity 19248K, committed 19584K, reserved 1067008K
  class space    used 2248K, capacity 2342K, committed 2432K, reserved 1048576K
GC Heap History (10 events):
Event: 4.621 GC heap before
{Heap before GC invocations=16 (full 0):
 PSYoungGen      total 71680K, used 70198K [0x00000000d5c00000, 0x00000000da700000, 0x0000000100000000)
  eden space 66560K, 100% used [0x00000000d5c00000,0x00000000d9d00000,0x00000000d9d00000)
  from space 5120K, 71% used [0x00000000d9d00000,0x00000000da08d818,0x00000000da200000)
  to   space 5120K, 0% used [0x00000000da200000,0x00000000da200000,0x00000000da700000)
 ParOldGen       total 87552K, used 77315K [0x0000000081400000, 0x0000000086980000, 0x00000000d5c00000)
  object space 87552K, 88% used [0x0000000081400000,0x0000000085f80eb0,0x0000000086980000)
 Metaspace       used 18483K, capacity 18812K, committed 19072K, reserved 1067008K
  class space    used 2197K, capacity 2305K, committed 2432K, reserved 1048576K
Event: 4.634 GC heap after
Heap after GC invocations=16 (full 0):
 PSYoungGen      total 71680K, used 5109K [0x00000000d5c00000, 0x00000000da700000, 0x0000000100000000)
  eden space 66560K, 0% used [0x00000000d5c00000,0x00000000d5c00000,0x00000000d9d00000)
  from space 5120K, 99% used [0x00000000da200000,0x00000000da6fd4e0,0x00000000da700000)
  to   space 5120K, 0% used [0x00000000d9d00000,0x00000000d9d00000,0x00000000da200000)
 ParOldGen       total 87552K, used 82563K [0x0000000081400000, 0x0000000086980000, 0x00000000d5c00000)
  object space 87552K, 94% used [0x0000000081400000,0x00000000864a0f40,0x0000000086980000)
 Metaspace       used 18483K, capacity 18812K, committed 19072K, reserved 1067008K
  class space    used 2197K, capacity 2305K, committed 2432K, reserved 1048576K
}
Event: 4.634 GC heap before
{Heap before GC invocations=17 (full 1):
 PSYoungGen      total 71680K, used 5109K [0x00000000d5c00000, 0x00000000da700000, 0x0000000100000000)
  eden space 66560K, 0% used [0x00000000d5c00000,0x00000000d5c00000,0x00000000d9d00000)
  from space 5120K, 99% used [0x00000000da200000,0x00000000da6fd4e0,0x00000000da700000)
  to   space 5120K, 0% used [0x00000000d9d00000,0x00000000d9d00000,0x00000000da200000)
 ParOldGen       total 87552K, used 82563K [0x0000000081400000, 0x0000000086980000, 0x00000000d5c00000)
  object space 87552K, 94% used [0x0000000081400000,0x00000000864a0f40,0x0000000086980000)
 Metaspace       used 18483K, capacity 18812K, committed 19072K, reserved 1067008K
  class space    used 2197K, capacity 2305K, committed 2432K, reserved 1048576K
Event: 4.759 GC heap after
Heap after GC invocations=17 (full 1):
 PSYoungGen      total 71680K, used 0K [0x00000000d5c00000, 0x00000000da700000, 0x0000000100000000)
  eden space 66560K, 0% used [0x00000000d5c00000,0x00000000d5c00000,0x00000000d9d00000)
  from space 5120K, 0% used [0x00000000da200000,0x00000000da200000,0x00000000da700000)
  to   space 5120K, 0% used [0x00000000d9d00000,0x00000000d9d00000,0x00000000da200000)
 ParOldGen       total 87552K, used 76881K [0x0000000081400000, 0x0000000086980000, 0x00000000d5c00000)
  object space 87552K, 87% used [0x0000000081400000,0x0000000085f144a0,0x0000000086980000)
 Metaspace       used 18483K, capacity 18812K, committed 19072K, reserved 1067008K
  class space    used 2197K, capacity 2305K, committed 2432K, reserved 1048576K
}
Event: 5.077 GC heap before
{Heap before GC invocations=18 (full 1):
 PSYoungGen      total 71680K, used 66560K [0x00000000d5c00000, 0x00000000da700000, 0x0000000100000000)
  eden space 66560K, 100% used [0x00000000d5c00000,0x00000000d9d00000,0x00000000d9d00000)
  from space 5120K, 0% used [0x00000000da200000,0x00000000da200000,0x00000000da700000)
  to   space 5120K, 0% used [0x00000000d9d00000,0x00000000d9d00000,0x00000000da200000)
 ParOldGen       total 87552K, used 76881K [0x0000000081400000, 0x0000000086980000, 0x00000000d5c00000)
  object space 87552K, 87% used [0x0000000081400000,0x0000000085f144a0,0x0000000086980000)
 Metaspace       used 18492K, capacity 18818K, committed 19072K, reserved 1067008K
  class space    used 2200K, capacity 2306K, committed 2432K, reserved 1048576K
Event: 5.082 GC heap after
Heap after GC invocations=18 (full 1):
 PSYoungGen      total 71680K, used 1984K [0x00000000d5c00000, 0x00000000da700000, 0x0000000100000000)
  eden space 66560K, 0% used [0x00000000d5c00000,0x00000000d5c00000,0x00000000d9d00000)
  from space 5120K, 38% used [0x00000000d9d00000,0x00000000d9ef0000,0x00000000da200000)
  to   space 5120K, 0% used [0x00000000da200000,0x00000000da200000,0x00000000da700000)
 ParOldGen       total 87552K, used 76881K [0x0000000081400000, 0x0000000086980000, 0x00000000d5c00000)
  object space 87552K, 87% used [0x0000000081400000,0x0000000085f144a0,0x0000000086980000)
 Metaspace       used 18492K, capacity 18818K, committed 19072K, reserved 1067008K
  class space    used 2200K, capacity 2306K, committed 2432K, reserved 1048576K
}
Event: 5.466 GC heap before
{Heap before GC invocations=19 (full 1):
 PSYoungGen      total 71680K, used 68544K [0x00000000d5c00000, 0x00000000da700000, 0x0000000100000000)
  eden space 66560K, 100% used [0x00000000d5c00000,0x00000000d9d00000,0x00000000d9d00000)
  from space 5120K, 38% used [0x00000000d9d00000,0x00000000d9ef0000,0x00000000da200000)
  to   space 5120K, 0% used [0x00000000da200000,0x00000000da200000,0x00000000da700000)
 ParOldGen       total 87552K, used 76881K [0x0000000081400000, 0x0000000086980000, 0x00000000d5c00000)
  object space 87552K, 87% used [0x0000000081400000,0x0000000085f144a0,0x0000000086980000)
 Metaspace       used 18513K, capacity 18818K, committed 19072K, reserved 1067008K
  class space    used 2202K, capacity 2306K, committed 2432K, reserved 1048576K
Event: 5.470 GC heap after
Heap after GC invocations=19 (full 1):
 PSYoungGen      total 71680K, used 2048K [0x00000000d5c00000, 0x00000000da700000, 0x0000000100000000)
  eden space 66560K, 0% used [0x00000000d5c00000,0x00000000d5c00000,0x00000000d9d00000)
  from space 5120K, 40% used [0x00000000da200000,0x00000000da400000,0x00000000da700000)
  to   space 5120K, 0% used [0x00000000d9d00000,0x00000000d9d00000,0x00000000da200000)
 ParOldGen       total 87552K, used 76993K [0x0000000081400000, 0x0000000086980000, 0x00000000d5c00000)
  object space 87552K, 87% used [0x0000000081400000,0x0000000085f304a0,0x0000000086980000)
 Metaspace       used 18513K, capacity 18818K, committed 19072K, reserved 1067008K
  class space    used 2202K, capacity 2306K, committed 2432K, reserved 1048576K
}
Event: 5.808 GC heap before
{Heap before GC invocations=20 (full 1):
 PSYoungGen      total 71680K, used 68608K [0x00000000d5c00000, 0x00000000da700000, 0x0000000100000000)
  eden space 66560K, 100% used [0x00000000d5c00000,0x00000000d9d00000,0x00000000d9d00000)
  from space 5120K, 40% used [0x00000000da200000,0x00000000da400000,0x00000000da700000)
  to   space 5120K, 0% used [0x00000000d9d00000,0x00000000d9d00000,0x00000000da200000)
 ParOldGen       total 87552K, used 76993K [0x0000000081400000, 0x0000000086980000, 0x00000000d5c00000)
  object space 87552K, 87% used [0x0000000081400000,0x0000000085f304a0,0x0000000086980000)
 Metaspace       used 18532K, capacity 18832K, committed 19072K, reserved 1067008K
  class space    used 2204K, capacity 2310K, committed 2432K, reserved 1048576K
Event: 5.823 GC heap after
Heap after GC invocations=20 (full 1):
 PSYoungGen      total 71680K, used 4571K [0x00000000d5c00000, 0x00000000da700000, 0x0000000100000000)
  eden space 66560K, 0% used [0x00000000d5c00000,0x00000000d5c00000,0x00000000d9d00000)
  from space 5120K, 89% used [0x00000000d9d00000,0x00000000da176ce8,0x00000000da200000)
  to   space 5120K, 0% used [0x00000000da200000,0x00000000da200000,0x00000000da700000)
 ParOldGen       total 87552K, used 77009K [0x0000000081400000, 0x0000000086980000, 0x00000000d5c00000)
  object space 87552K, 87% used [0x0000000081400000,0x0000000085f344a0,0x0000000086980000)
 Metaspace       used 18532K, capacity 18832K, committed 19072K, reserved 1067008K
  class space    used 2204K, capacity 2310K, committed 2432K, reserved 1048576K
}

